> Task :app:preBuild UP-TO-DATE
> Task :app:preDebugBuild UP-TO-DATE
> Task :app:mergeDebugNativeDebugMetadata NO-SOURCE
> Task :app:generateDebugResources
> Task :app:packageDebugResources
> Task :app:processDebugNavigationResources
> Task :app:generateDebugAssets UP-TO-DATE
> Task :app:javaPreCompileDebug
> Task :app:mergeDebugAssets
> Task :app:compressDebugAssets

> Task :app:parseDebugLocalResources FAILED
[Fatal Error] fragment_soil_test.xml:61:10: The markup in the document following the root element must be well-formed.

> Task :app:checkDebugDuplicateClasses

FAILURE: Build failed with an exception.

* What went wrong:
Execution failed for task ':app:parseDebugLocalResources'.
> A failure occurred while executing com.android.build.gradle.internal.res.ParseLibraryResourcesTask$ParseResourcesRunnable
   > Failed to parse XML file '/Users/mohits/AndroidStudioProjects/Soil_testing/app/build/intermediates/packaged_res/debug/packageDebugResources/layout/fragment_soil_test.xml'

* Try:
> Run with --stacktrace option to get the stack trace.
> Run with --info or --debug option to get more log output.
> Run with --scan to get full insights from a Build Scan (powered by Develocity).
> Get more help at https://help.gradle.org.

BUILD FAILED in 1s
8 actionable tasks: 8 executed
